[ Mar 31 2011 20:18:51 ] [var/cache/ini/011dfb6d3eb2c46041b2ea1da142e884.php]
[ Mar 31 2011 20:18:51 ] [var/ezflow_site/cache/template/compiled/pagelayout-889d729e4c7760206776dd9ba0002bbe.php]
[ Mar 31 2011 20:18:51 ] [var/cache/ini/b7824b6c7208f68f4788348520ff4df7.php]
[ Mar 31 2011 20:18:51 ] [var/ezflow_site/cache/template/compiled/page_head-22f033384228dc19d8fc3f60ee2e8fa8.php]
[ Mar 31 2011 20:18:51 ] [var/ezflow_site/cache/template/compiled/link-b5d918d4a76cc33bac42ab769ef7ae1b.php]
[ Mar 31 2011 20:18:51 ] [var/ezflow_site/cache/template/compiled/page_head_style-1096b70c0b11ac25e52de54e97e6d7e5.php]
[ Mar 31 2011 20:18:51 ] [var/cache/ini/4898fea849f8e1cc6a18ef5b5aee7566.php]
[ Mar 31 2011 20:18:51 ] [var/ezflow_site/cache/template/compiled/page_head_script-056ded7ca92f1d97bd911fe62b3d6672.php]
[ Mar 31 2011 20:18:51 ] [var/ezflow_site/cache/template/compiled/page_topmenu-c36935f0ddc81f4c6eb88ee797c18ed0.php]
[ Mar 31 2011 20:18:52 ] [var/ezflow_site/cache/template/compiled/double_top-38bac0ba32842a7ad463e390843cc0e4.php]
[ Mar 31 2011 20:18:52 ] [var/ezflow_site/cache/template/compiled/page_header-744735ff260a9eb61bea9bfe179facff.php]
[ Mar 31 2011 20:18:52 ] [var/ezflow_site/cache/template/compiled/page_header_links-2d3f7feec7b7160600636ac638b98fd2.php]
[ Mar 31 2011 20:18:52 ] [var/ezflow_site/cache/template/compiled/page_header_logo-804edc5d8ecd31fea810bfd5fcbd7a85.php]
[ Mar 31 2011 20:18:52 ] [var/ezflow_site/cache/template/compiled/page_header_searchbox-4b9f0b5adeb0faa1158531a83d7e7e35.php]
[ Mar 31 2011 20:18:52 ] [var/ezflow_site/cache/template/compiled/page_toppath-8854029c89049b569ed90ee82c21b966.php]
[ Mar 31 2011 20:18:52 ] [var/ezflow_site/cache/template/compiled/path-8c37ad79b6f85ce36ba85e8f36e7e75a.php]
[ Mar 31 2011 20:18:52 ] [var/ezflow_site/cache/template/compiled/page_mainarea-ec56cd30154bbe931fed17e50c8a34b0.php]
[ Mar 31 2011 20:18:52 ] [var/ezflow_site/cache/template/compiled/page_footer-8adafe5547d3978ddb35f17928308cbc.php]
[ Mar 31 2011 20:18:52 ] [var/ezflow_site/cache/template/compiled/page_footer_script-260a7ddfb6c31b054a382717e72185a3.php]
[ Mar 31 2011 20:19:28 ] [var/cache/ini/02ffef5beb51eba795493d79dae75d28.php]
[ Mar 31 2011 20:19:28 ] [var/ezflow_site/cache/template/compiled/article-7bef575efcfa3d7fe7347b6877fb5d06.php]
[ Mar 31 2011 20:19:57 ] [var/cache/ini/22a5c99029198c4a1e148ddf3e84707a.php]
[ Mar 31 2011 20:19:57 ] [var/ezflow_site/cache/codepages/36e48c5d322c489dd3ee4e51ffda1494.php]
[ Mar 31 2011 20:19:57 ] [var/ezflow_site/cache/trans/g-lowercase-635518252-utf-8.ctt.php]
[ Mar 31 2011 20:19:58 ] [var/ezflow_site/cache/template/compiled/comment-f8c553851ba1590d768ec68fdd660085.php]
[ Mar 31 2011 20:20:01 ] [var/cache/ini/10049f6ea1658fc43deb79f23647ba32.php]
[ Mar 31 2011 20:20:01 ] [var/cache/ini/899da06cc00d2fbed32bb19e04380f60.php]
[ Mar 31 2011 20:26:01 ] [var/ezflow_site/cache/template/compiled/underline-90e4ca5b9547bd8ee8d0c31c92f4e403.php]
[ Mar 31 2011 20:30:12 ] [var/cache/ini/b5ec0909b310f2cbc74c1a0fec783df3.php]
[ Mar 31 2011 20:30:13 ] [var/ezflow_site/cache/template/compiled/4-356a570f6b70d34f64eb76294c800fd7.php]
[ Mar 31 2011 20:32:24 ] [var/ezflow_site/cache/template/compiled/sup-a55b1396e4c546029535ba8a3e7bba2b.php]
[ Mar 31 2011 20:35:51 ] [var/cache/ini/16a75766b65bfc13609fabcb1080a85b.php]
[ Mar 31 2011 20:42:33 ] [var/ezflow_site/cache/template/compiled/folder-8681acb1dbd86326b9fd7307f52f2b6d.php]
[ Mar 31 2011 20:42:33 ] [var/ezflow_site/cache/template/compiled/ezstring-88a2ce2c11879aba8f675b6e2faab87b.php]
[ Mar 31 2011 20:42:34 ] [var/ezflow_site/cache/template/compiled/link-a0d51442c5234d2456c1a3903e9d179a.php]
[ Mar 31 2011 20:47:52 ] [var/ezflow_site/cache/template/compiled/blog-2a20d0aa19a220b11c4d87a82a8a1d13.php]
[ Mar 31 2011 20:47:52 ] [var/ezflow_site/cache/template/compiled/blog_post-e14a84b41dad0e7141b515e10080fcd6.php]
[ Mar 31 2011 20:47:52 ] [var/ezflow_site/cache/template/compiled/comment_item-dcc8560da5c12a1cbf5a21223703f1aa.php]
[ Mar 31 2011 20:47:52 ] [var/ezflow_site/cache/template/compiled/td-5c01b9251f43e5ec494939ee702bd872.php]
[ Mar 31 2011 20:47:52 ] [var/ezflow_site/cache/template/compiled/tr-dde3d7bbfcb6d5428e7247f81f974f6a.php]
[ Mar 31 2011 20:47:52 ] [var/ezflow_site/cache/template/compiled/table-583ec6ecc0e77b15a8edb4835bf32706.php]
[ Mar 31 2011 20:47:53 ] [var/ezflow_site/cache/template/compiled/header-dae06c105fc0dba777b4a47060b4047d.php]
[ Mar 31 2011 20:47:53 ] [var/ezflow_site/cache/template/compiled/li-041256fd6bc7b32a57d91892c5ea7eb2.php]
[ Mar 31 2011 20:47:53 ] [var/ezflow_site/cache/template/compiled/ul-30142b1ee0b280ef96680a3c88a5a350.php]
[ Mar 31 2011 20:47:54 ] [var/ezflow_site/cache/template/compiled/underline-2ff38c5ab1eee3d9434d03d482678b3e.php]
[ Mar 31 2011 20:47:55 ] [var/ezflow_site/cache/template/compiled/google-cf03c32c1e797f19c776478a4b301ac9.php]
[ Mar 31 2011 20:50:24 ] [var/cache/ini/43d97a5294d8094653ee181363c202ca.php]
[ Mar 31 2011 20:50:24 ] [var/cache/ini/d1fe0d6ce2e7da1058ae60a756b15e67.php]
[ Mar 31 2011 20:50:24 ] [var/cache/ini/47d8d9a51890bcd3640ec320caf8cfd1.php]
[ Mar 31 2011 20:50:24 ] [var/cache/ini/777a8c673e037a4b1de07fd9dc3aaadc.php]
[ Mar 31 2011 20:50:24 ] [var/cache/ini/03afd2e23b46513020c791163fa2069b.php]
[ Mar 31 2011 20:50:24 ] [var/cache/ini/42f5574b797eeba26ae1ec53cd6afd8b.php]
[ Mar 31 2011 20:50:24 ] [var/cache/ini/b0fc474b35000e5039709f1d532e3727.php]
[ Mar 31 2011 20:50:24 ] [var/cache/ini/ecc0d9c0a1ea4de3e1b8dbdc8292580b.php]
[ Mar 31 2011 20:50:24 ] [var/cache/ini/60f19195c90b2e5cf135bbf48125c319.php]
[ Mar 31 2011 20:50:24 ] [var/cache/ini/37a19633ae40b92bc9501413b4eacbf1.php]
[ Mar 31 2011 20:50:24 ] [var/ezflow_site/cache/override/override_e75100570182b6b6e22b60faae38330a.php]
[ Mar 31 2011 20:50:24 ] [var/ezflow_site/cache/template/compiled/full-3c8df63669f18c04cc14b163f34dcc0a.php]
[ Mar 31 2011 20:50:25 ] [var/ezflow_site/cache/template/compiled/infocollection_validation-5a13a5ad17f9dd1ed679cdbff37f337c.php]
[ Mar 31 2011 20:50:25 ] [var/ezflow_site/cache/template/compiled/window_controls-91bb73691a918b1bef04a3e2aeba8206.php]
[ Mar 31 2011 20:50:25 ] [var/cache/ini/85417c027bc462f03080a55461695482.php]
[ Mar 31 2011 20:50:25 ] [var/cache/ini/2d5bb6f1495ec4ab81b9fd5ee3203d49.php]
[ Mar 31 2011 20:50:25 ] [var/cache/ini/c22469e4a837ea8faf5a2828b06e3334.php]
[ Mar 31 2011 20:50:25 ] [var/cache/ini/52fad1183c15e59101f4cb7a771025f9.php]
[ Mar 31 2011 20:50:25 ] [var/ezflow_site/cache/template/compiled/admin_preview-06a6080c193e0da7c6a3e7b2ae087cce.php]
[ Mar 31 2011 20:50:25 ] [var/cache/ini/d0e267cb02a5718ad59e7210d8e5c50e.php]
[ Mar 31 2011 20:50:25 ] [var/ezflow_site/cache/template/compiled/ezstring-e77d08a1e8ef1cd7c212936b0a51e415.php]
[ Mar 31 2011 20:50:25 ] [var/cache/ini/b860f65dfa8257c8366ef7ab63ae9ff4.php]
[ Mar 31 2011 20:50:25 ] [var/ezflow_site/cache/template/compiled/ezxmltext-707c7c020c7ce45f814b9288430eb9d9.php]
[ Mar 31 2011 20:50:25 ] [var/ezflow_site/cache/template/compiled/paragraph-745388bc5971954f6b20b0380e6005da.php]
[ Mar 31 2011 20:50:25 ] [var/ezflow_site/cache/template/compiled/ezkeyword-5604a8d96817e0cad5bf7a421753ef81.php]
[ Mar 31 2011 20:50:25 ] [var/ezflow_site/cache/template/compiled/windows-7b01859ad4e5d3c9f90854e60b2de733.php]
[ Mar 31 2011 20:50:25 ] [var/ezflow_site/cache/template/compiled/details-d204fa64619a8f70ac34ac9c8b8d4fec.php]
[ Mar 31 2011 20:50:25 ] [var/ezflow_site/cache/template/compiled/locations-61d52fb1e1154ac022c5ec118c1a2954.php]
[ Mar 31 2011 20:50:26 ] [var/ezflow_site/cache/template/compiled/children-74ea6bea36d4bd9b0adede0051142a29.php]
[ Mar 31 2011 20:50:26 ] [var/ezflow_site/cache/template/compiled/children_detailed-b832f0ef9960a4070516a1f8c2294353.php]
[ Mar 31 2011 20:50:26 ] [var/ezflow_site/cache/template/compiled/line-3a1ca1b1556a867a1429c3dfe89b8b9f.php]
[ Mar 31 2011 20:50:26 ] [var/cache/ini/8797d43106b00ed005a14541d3d7917c.php]
[ Mar 31 2011 20:50:27 ] [var/ezflow_site/cache/template/compiled/alphabetical-c6c84a8954cf6cdb3c55b003062887ad.php]
[ Mar 31 2011 20:50:27 ] [var/ezflow_site/cache/template/compiled/google-f00024bb1f6ef26cffd9afd3dbf5f517.php]
[ Mar 31 2011 20:50:27 ] [var/cache/ini/dcd8474e595388a30cdcf21f79463709.php]
[ Mar 31 2011 20:50:27 ] [var/cache/ini/6f1c9fff6bb226bf6662a0d4b0cdb882.php]
[ Mar 31 2011 20:50:28 ] [var/ezflow_site/cache/template/compiled/pagelayout-7909b8223021dfe2cb531c99d31172ec.php]
[ Mar 31 2011 20:50:28 ] [var/ezflow_site/cache/template/compiled/page_head-d3e874134b7e0dca44d3001a04930149.php]
[ Mar 31 2011 20:50:28 ] [var/ezflow_site/cache/template/compiled/link-e089f906ec9a47b1e0b5402109549215.php]
[ Mar 31 2011 20:50:28 ] [var/ezflow_site/cache/template/compiled/admin_current_user-f5439695db10749ea351d47cd053e708.php]
[ Mar 31 2011 20:50:28 ] [var/ezflow_site/cache/template/compiled/admin_bookmarks-8e91addd9745a54ec384717319902319.php]
[ Mar 31 2011 20:50:28 ] [var/ezflow_site/cache/template/compiled/admin_clear_cache-34cf476ebc3948b02e749aef107355dd.php]
[ Mar 31 2011 20:50:28 ] [var/ezflow_site/cache/template/compiled/clear_cache-04525ca9e8df45ff5226a7f4710cb7e1.php]
[ Mar 31 2011 20:50:28 ] [var/ezflow_site/cache/template/compiled/admin_quick_settings-e5d4dca86667f55bf930cb1c98fe8c25.php]
[ Mar 31 2011 20:50:28 ] [var/ezflow_site/cache/template/compiled/quick_settings-48665de6a5444f9ef7f44070978acd6c.php]
[ Mar 31 2011 20:50:28 ] [var/cache/ini/0cf1d4c310be7f911e49c57e41f23a7b.php]
[ Mar 31 2011 20:50:28 ] [var/cache/ini/9cb0e9631ed265dd09f7291efc783195.php]
[ Mar 31 2011 20:50:28 ] [var/ezflow_site/cache/template/compiled/page_head_style-f6c7a76637e0ca09de2b06137359710d.php]
[ Mar 31 2011 20:50:29 ] [var/ezflow_site/cache/template/compiled/page_head_style_inline-a7c17349ede0dbbdd691b3babf6c90e3.php]
[ Mar 31 2011 20:50:29 ] [var/ezflow_site/cache/template/compiled/page_head_script-378cfc2cc310dab64db8be416cc39494.php]
[ Mar 31 2011 20:50:29 ] [var/ezflow_site/cache/template/compiled/page_topmenuitem-d649890f4c4d24ef0a06602a8e441c57.php]
[ Mar 31 2011 20:50:29 ] [var/ezflow_site/cache/template/compiled/page_toppath-84d653b4c8c52b40a20a6271546898a2.php]
[ Mar 31 2011 20:50:29 ] [var/ezflow_site/cache/template/compiled/menu-37c1de5bbd18f7887d63053812b84508.php]
[ Mar 31 2011 20:50:29 ] [var/ezflow_site/cache/template/compiled/content_structure_menu_dynamic-9fc1f0df3998444aa53ff398f90d3c36.php]
[ Mar 31 2011 20:50:29 ] [var/ezflow_site/cache/template/compiled/page_mainarea-8762f4eef9835c3ec3fa496fee072564.php]
[ Mar 31 2011 20:50:29 ] [var/ezflow_site/cache/template/compiled/page_warning-76239e346c0361227446d78830c0a825.php]
[ Mar 31 2011 20:50:29 ] [var/ezflow_site/cache/template/compiled/page_copyright-8c8e30fb792c44b958efd60c4b6fb6cb.php]
[ Mar 31 2011 20:50:29 ] [var/cache/ini/76cac2f364b0a07fbc1f44abc7fe7df6.php]
[ Mar 31 2011 20:50:29 ] [var/ezflow_site/cache/template/compiled/popup_menu-fe74b16d624bb35dd72d6333c2fa3aa3.php]
[ Mar 31 2011 20:50:29 ] [var/ezflow_site/cache/template/compiled/oocontextmenu-17531f3663bf848ca46036577a11547b.php]
[ Mar 31 2011 20:50:29 ] [var/ezflow_site/cache/template/compiled/ezflcontextmenu-fa9aa4a589d69a76fcffaddc0089f021.php]
[ Mar 31 2011 20:50:29 ] [var/ezflow_site/cache/template/compiled/oosubitemscontextmenu-76c4954c1b972caa78e942a03f396f5e.php]
[ Mar 31 2011 20:50:29 ] [var/ezflow_site/cache/template/compiled/ezflsubitemscontextmenu-d1b3392d31482ce8db0569691cbeb5d5.php]
[ Mar 31 2011 20:50:29 ] [var/ezflow_site/cache/template/compiled/oocontextsubmenu-697bbf6c6f18fcdc5996e9b0eb3c3b77.php]
[ Mar 31 2011 20:50:29 ] [var/ezflow_site/cache/template/compiled/ezflcontextsubmenu-4e1f23805a8a6d24e98290492b70b3db.php]
[ Mar 31 2011 20:56:18 ] [var/cache/ini/a6d972bf26618a8b93c0e6227d569624.php]
[ Mar 31 2011 20:56:18 ] [var/ezflow_site/cache/template/compiled/blog-7bc4ecec70ca625b31c2bdba4b1bd42c.php]
[ Mar 31 2011 20:56:18 ] [var/ezflow_site/cache/template/compiled/blog_post-01798e516e982293426c7c9e952ef109.php]
[ Mar 31 2011 20:56:18 ] [var/ezflow_site/cache/template/compiled/ezxmltext-6183743b9a854d3beb192f5fed7a2c59.php]
[ Mar 31 2011 20:56:18 ] [var/ezflow_site/cache/template/compiled/embed-ae577814b596af76d7d6fd53b88ed9dd.php]
[ Mar 31 2011 20:56:18 ] [var/ezflow_site/cache/template/compiled/image-b32cb1d6a104eae7683ce359ac9f50df.php]
[ Mar 31 2011 20:56:19 ] [var/ezflow_site/cache/template/compiled/ezimage-2fd2689da56f58239ae1efd1b5f57a56.php]
[ Mar 31 2011 20:56:19 ] [var/ezflow_site/cache/template/compiled/paragraph-c6ea357208400cd3d8351478ad874153.php]
[ Mar 31 2011 20:56:19 ] [var/ezflow_site/cache/template/compiled/strong-4cc766067302ceb4060e7551b1ac1ddf.php]
[ Mar 31 2011 20:56:19 ] [var/ezflow_site/cache/template/compiled/link-23a902008a195b665f21dc76a02854ca.php]
[ Mar 31 2011 20:56:19 ] [var/ezflow_site/cache/template/compiled/related_content-80cbb3e1cf84a3536c73bf01b3539b07.php]
[ Mar 31 2011 20:56:19 ] [var/ezflow_site/cache/template/compiled/display_related_content-e8675c3ff2191deab61f87170c87ea81.php]
[ Mar 31 2011 20:56:19 ] [var/ezflow_site/cache/template/compiled/ezcomcomments-652e08c93125b0f941b02b0d366e98d5.php]
[ Mar 31 2011 20:56:19 ] [var/ezflow_site/cache/template/compiled/add_comment-d1273ac99777a1d99b2f08f28171ccf6.php]
[ Mar 31 2011 20:56:19 ] [var/ezflow_site/cache/template/compiled/layer-d0ef89bb08f1097fe83be4a8cf48a17f.php]
[ Mar 31 2011 20:56:19 ] [var/ezflow_site/cache/template/compiled/comment_item-641a18350cffdde0512303f274b42d0a.php]
[ Mar 31 2011 20:56:20 ] [var/ezflow_site/cache/template/compiled/literal-d99d4c41cc3cffbe91ca412446af6ee4.php]
[ Mar 31 2011 20:56:21 ] [var/ezflow_site/cache/template/compiled/google-d64c26716e18d3af2463ab367054b97f.php]
[ Mar 31 2011 20:56:21 ] [var/ezflow_site/cache/template/compiled/extra_info-658719863fb0bbc1ff939d9fb2019158.php]
[ Mar 31 2011 20:56:21 ] [var/ezflow_site/cache/template/compiled/infobox-2097490638feb13cd9993fa90df687a1.php]
[ Mar 31 2011 20:56:22 ] [var/ezflow_site/cache/template/compiled/ezurl-cc968d353e06529f5e2abd0f9189ba46.php]
[ Mar 31 2011 20:56:22 ] [var/ezflow_site/cache/template/compiled/line-136f93e659d7b53ceff6ee100f731ddf.php]
[ Mar 31 2011 20:56:47 ] [var/ezflow_site/cache/template/compiled/calendar-71a7993828cae82165bea8e8b6d9771e.php]
[ Mar 31 2011 20:56:47 ] [var/ezflow_site/cache/template/compiled/print_pagelayout-8ef875702f6a6f937cc7477528e316ac.php]
[ Mar 31 2011 20:56:47 ] [var/ezflow_site/cache/template/compiled/page_head-20b34884961cedd54ff1e0e5ccaff7e8.php]
[ Mar 31 2011 20:56:47 ] [var/ezflow_site/cache/template/compiled/link-e14cc58c1248f8124104cc5eb7e06b3a.php]
[ Mar 31 2011 20:56:47 ] [var/ezflow_site/cache/template/compiled/page_mainarea-311750567f50267ec4ed7012fa2745da.php]
[ Mar 31 2011 20:56:47 ] [var/ezflow_site/cache/template/compiled/page_copyright-101d313077c3a7096761a435d9e36b87.php]
[ Mar 31 2011 21:01:53 ] [var/ezflow_site/cache/template/compiled/ol-ea00af378e5ed862b17bac1b82daa02b.php]
[ Mar 31 2011 21:01:55 ] [var/cache/ini/a65de886195c370a8cef11bb05f3a44d.php]
[ Mar 31 2011 21:01:55 ] [var/ezflow_site/cache/trans/g-lowercase-635518252-utf-8.ctt.php]
[ Mar 31 2011 21:01:56 ] [var/ezflow_site/cache/template/compiled/sup-9bb7ceff8149d8de775349fb7a0cee07.php]
[ Mar 31 2011 21:04:43 ] [var/ezflow_site/cache/template/compiled/article-69bc1223c1ca737df4df49dd12143a6d.php]
[ Mar 31 2011 21:34:32 ] [var/ezflow_site/cache/template/compiled/edit-c9f4be198b41ec016aa4a7455bd28b91.php]
[ Mar 31 2011 21:34:32 ] [var/ezflow_site/cache/template/compiled/edit_menu-1b7026061ddc1ebe2d2d902df9f8e689.php]
[ Mar 31 2011 21:34:32 ] [var/ezflow_site/cache/template/compiled/edit_sections-2aa4632892893464bec8e01a10a38c22.php]
[ Mar 31 2011 21:34:32 ] [var/ezflow_site/cache/template/compiled/edit_states-7ab9abc11227c7aa8d999fa25901ed2a.php]
[ Mar 31 2011 21:34:32 ] [var/ezflow_site/cache/template/compiled/edit_validation-9ae6bd49943d87aa85bb0843a27e3627.php]
[ Mar 31 2011 21:34:32 ] [var/ezflow_site/cache/template/compiled/edit_attribute-a8115eeefaef5a65e2ab552c68ec037d.php]
[ Mar 31 2011 21:34:32 ] [var/ezflow_site/cache/template/compiled/ezstring-83e3b0bfb9702d2721f421934fb8fba7.php]
[ Mar 31 2011 21:34:32 ] [var/ezflow_site/cache/template/compiled/ezxmltext_ezoe-3f14f5a45fbe902876c12fd45a15c974.php]
[ Mar 31 2011 21:34:33 ] [var/cache/ini/b86be77b96511dd11d8afdfd1524024f.php]
[ Mar 31 2011 21:34:33 ] [var/ezflow_site/cache/template/compiled/ezdatetime-d664836363e73d51c1c264ba2c936af9.php]
[ Mar 31 2011 21:34:33 ] [var/ezflow_site/cache/template/compiled/ezkeyword-ca0b98ddadd4993968e43a90eaa4ca09.php]
[ Mar 31 2011 21:34:33 ] [var/ezflow_site/cache/template/compiled/ezboolean-f34ca16d8addf1f632665d7a49cc7b34.php]
[ Mar 31 2011 21:34:33 ] [var/ezflow_site/cache/template/compiled/ezselection-b605e55eadddffb84aab86e9af1b8c4a.php]
[ Mar 31 2011 21:34:33 ] [var/ezflow_site/cache/template/compiled/ezcomcomments-0685569551a674c546be16b1ed1dc240.php]
[ Mar 31 2011 21:34:33 ] [var/cache/ini/b67370c8ee1abcd30cdbd9d6e965e45c.php]
[ Mar 31 2011 21:34:33 ] [var/cache/ini/7438c3bac68297e38d8b812d6b09648e.php]
[ Mar 31 2011 21:34:33 ] [var/ezflow_site/cache/template/compiled/edit_relations-5590f96ca6f73cd566a28efe365aedc5.php]
[ Mar 31 2011 22:11:00 ] [var/ezflow_site/cache/template/compiled/link-7732339c187354bd7ec36ef41b2b32fd.php]
[ Mar 31 2011 22:11:15 ] [var/ezflow_site/cache/template/compiled/20-1a5cd22e41238312f58c8b087083045c.php]
[ Mar 31 2011 22:12:40 ] [var/ezflow_site/cache/template/compiled/tag_link-c738555c2846c55917e421a663b3d733.php]
[ Mar 31 2011 22:12:40 ] [var/ezflow_site/cache/template/compiled/generalattributes-f6c0a37175c8bb8f6eb1792189dc25cd.php]
[ Mar 31 2011 22:12:40 ] [var/cache/ini/31b145f7a62c94bb11430f95c9e4004b.php]
[ Mar 31 2011 22:12:40 ] [var/ezflow_site/cache/template/compiled/link-fca7edfe83aad8c37d0c8d05f1203295.php]
[ Mar 31 2011 22:12:40 ] [var/ezflow_site/cache/template/compiled/box_search-2b1dd806db98eb3c6620a910441e7760.php]
[ Mar 31 2011 22:12:40 ] [var/ezflow_site/cache/template/compiled/box_browse-0a78bccf85c829183729c3c1577a12f6.php]
[ Mar 31 2011 22:12:40 ] [var/ezflow_site/cache/template/compiled/box_bookmarks-b61dc26574b847ec0677c1413ee5968f.php]
[ Mar 31 2011 22:12:40 ] [var/ezflow_site/cache/template/compiled/select-76187fae9ad8d44e60f94dc5c654a892.php]
[ Mar 31 2011 22:12:40 ] [var/ezflow_site/cache/template/compiled/text-5fe1668e60b30e8a89922f7ca060677a.php]
[ Mar 31 2011 22:12:40 ] [var/ezflow_site/cache/template/compiled/customattributes-2d7e2e119c067379dd5abc11b319a681.php]
[ Mar 31 2011 22:12:40 ] [var/ezflow_site/cache/template/compiled/popup_pagelayout-1de1e7b3eb9f758116bb56a1bc18d826.php]
[ Mar 31 2011 22:12:41 ] [var/cache/ini/87e42c04648f8ca7b73f4f5750d1cc4c.php]
[ Mar 31 2011 22:14:07 ] [var/ezflow_site/cache/template/compiled/link-985e79cff293a8487c3dd554e8d5c5f0.php]
[ Mar 31 2011 22:34:22 ] [var/ezflow_site/cache/template/compiled/folder-a333bef8d50f9e4f6c43bdc976002601.php]
[ Mar 31 2011 22:34:22 ] [var/ezflow_site/cache/template/compiled/ezstring-7cb52a9848320884d279998950c62262.php]
[ Mar 31 2011 22:34:22 ] [var/ezflow_site/cache/template/compiled/emphasize-56e7d38375bd1bacbfa600b5cd987136.php]
[ Mar 31 2011 22:38:36 ] [var/ezflow_site/cache/template/compiled/li-bfba217475a0d0dd48de34118aa484c0.php]
[ Mar 31 2011 22:38:36 ] [var/ezflow_site/cache/template/compiled/ol-cf0c07dd1775155ace2bc76118229a76.php]
[ Mar 31 2011 22:38:36 ] [var/ezflow_site/cache/template/compiled/comment-d3b7199619281fd6e517a5b84966325c.php]
[ Mar 31 2011 22:39:25 ] [var/cache/ini/c6edc26a985011daf8dce58ed723ab48.php]
[ Mar 31 2011 22:39:26 ] [var/ezflow_site/cache/template/compiled/add-d95426a3c6e9e6e0245b6c7ac2777a8a.php]
[ Mar 31 2011 22:39:27 ] [var/cache/ini/8a2acd95468a77395f94a36971dedee9.php]
[ Mar 31 2011 22:39:28 ] [var/ezflow_site/cache/template/compiled/article-42f79a5b7b4c24ec9538515e0f50e535.php]
[ Mar 31 2011 22:40:02 ] [var/ezflow_site/cache/template/compiled/notification_subject-ad006101da70dfd8935949a82897eb7e.php]
[ Mar 31 2011 22:40:02 ] [var/ezflow_site/cache/template/compiled/notification_body-68620f130850fe588bb2e174fe3090cb.php]
[ Mar 31 2011 22:56:49 ] [var/cache/ini/3ff7fac2a16a6dfef411ef0e8b29630b.php]
[ Mar 31 2011 22:56:49 ] [var/ezflow_site/cache/template/compiled/blog-92eb02824c101b08c64ce850c7a2fbc0.php]
[ Mar 31 2011 22:56:50 ] [var/ezflow_site/cache/template/compiled/blog_post-36cdda7bd11739ffbab36d17afe9cd31.php]
[ Mar 31 2011 22:56:50 ] [var/ezflow_site/cache/template/compiled/ezxmltext-79ee686c97a5e65678158af261cb4c7b.php]
[ Mar 31 2011 22:56:50 ] [var/ezflow_site/cache/template/compiled/embed-c4a3dc043196cc6c2f97a0701678fa14.php]
[ Mar 31 2011 22:56:50 ] [var/ezflow_site/cache/template/compiled/image-7017c6e5b526d559ad202adcbdb1c7d0.php]
[ Mar 31 2011 22:56:50 ] [var/ezflow_site/cache/template/compiled/ezimage-2fba8c9a471f176f49a5c01d308f345a.php]
[ Mar 31 2011 22:56:50 ] [var/ezflow_site/cache/template/compiled/paragraph-bd88448eea5afa9ae5f92d2df439abc3.php]
[ Mar 31 2011 22:56:50 ] [var/ezflow_site/cache/template/compiled/li-c268cef1f0c9a5fbf73a304c76c1a47a.php]
[ Mar 31 2011 22:56:50 ] [var/ezflow_site/cache/template/compiled/link-de5c5bc29db6d59cc721cdda4441efce.php]
[ Mar 31 2011 22:56:50 ] [var/ezflow_site/cache/template/compiled/line-60b518b3429f85c009784f1b88acfe31.php]
[ Mar 31 2011 22:56:50 ] [var/ezflow_site/cache/template/compiled/ol-c3730057982be996c896fea12206d163.php]
[ Mar 31 2011 22:56:50 ] [var/ezflow_site/cache/template/compiled/related_content-32f9e22eb5112bee0fb42cd81d2042f9.php]
[ Mar 31 2011 22:56:50 ] [var/ezflow_site/cache/template/compiled/display_related_content-f38f80228226e3b07a58ffbce290fce9.php]
[ Mar 31 2011 22:56:50 ] [var/ezflow_site/cache/template/compiled/ezcomcomments-0b65f0ff36d7ac05852647ccb3a339f3.php]
[ Mar 31 2011 22:56:50 ] [var/ezflow_site/cache/template/compiled/comment-70be5009043f3b50891c2a309d96e953.php]
[ Mar 31 2011 22:56:50 ] [var/ezflow_site/cache/template/compiled/add_comment-68988c689754c4716331a289ed71b615.php]
[ Mar 31 2011 22:56:50 ] [var/ezflow_site/cache/template/compiled/layer-0899f867a934236f3a65fb840a44de8e.php]
[ Mar 31 2011 22:56:51 ] [var/ezflow_site/cache/template/compiled/google-20c306673572c39b9edd011a0ffd156a.php]
[ Mar 31 2011 22:56:51 ] [var/ezflow_site/cache/template/compiled/extra_info-9bdd3ecde3bfdc97b0228c6e69a46ff8.php]
[ Mar 31 2011 22:56:51 ] [var/ezflow_site/cache/template/compiled/infobox-2bc0a95af3700bb7a1fa0501d2583f77.php]
[ Mar 31 2011 22:56:51 ] [var/ezflow_site/cache/template/compiled/ezstring-75f470226445e70d12382ae94f58db14.php]
[ Mar 31 2011 22:56:51 ] [var/ezflow_site/cache/template/compiled/strong-0b7564c2c987c9ff4c77a1a623ce9fac.php]
[ Mar 31 2011 22:56:51 ] [var/ezflow_site/cache/template/compiled/ezurl-db797cc76886c18f685dd01e96f5e232.php]
[ Mar 31 2011 22:56:51 ] [var/ezflow_site/cache/template/compiled/literal-09ee3f428b031190d9c80076f70e2f41.php]
[ Mar 31 2011 22:56:52 ] [var/ezflow_site/cache/template/compiled/calendar-6681016d1023d4716ec78c00110a7cbd.php]
[ Mar 31 2011 22:56:52 ] [var/ezflow_site/cache/template/compiled/print_pagelayout-6c6e53f4b5b86a2b0d7af9b1ce67032a.php]
[ Mar 31 2011 22:56:52 ] [var/ezflow_site/cache/template/compiled/page_head-d84e5dd68e61c6751c4173557e7e45f4.php]
[ Mar 31 2011 22:56:52 ] [var/ezflow_site/cache/template/compiled/link-c681972eb8659934425d4371ae53b867.php]
[ Mar 31 2011 22:56:52 ] [var/ezflow_site/cache/template/compiled/page_mainarea-e579c40940b6f64e7f3f7bb5141a285e.php]
[ Mar 31 2011 22:56:52 ] [var/ezflow_site/cache/template/compiled/page_copyright-bdc107f200d596ccdcb0038b6a35459d.php]
[ Mar 31 2011 22:58:37 ] [var/ezflow_site/cache/template/compiled/emphasize-8cebf37b6c369685baf425b633d1742c.php]
[ Mar 31 2011 22:58:37 ] [var/ezflow_site/cache/template/compiled/comment_item-3e61c88729a64e555ef3bd514e853385.php]
[ Mar 31 2011 22:58:38 ] [var/ezflow_site/cache/template/compiled/underline-1180b3ca879527e2fdd59e4fc9b06d69.php]
[ Mar 31 2011 22:58:38 ] [var/ezflow_site/cache/template/compiled/sup-78d9b3b0ba35500fcef5e2f372db8ab8.php]
[ Mar 31 2011 22:59:04 ] [var/ezflow_site/cache/template/compiled/folder-e947a0a510331e044456e464b29d0701.php]
[ Mar 31 2011 22:59:04 ] [var/ezflow_site/cache/template/compiled/article-dfb20ef371835f543f407bcaf0a5a187.php]
[ Mar 31 2011 23:02:33 ] [var/ezflow_site/cache/template/compiled/blog_post-fd90c0d9b5d3fdf47f2a1216cd9d7243.php]
[ Mar 31 2011 23:22:27 ] [var/cache/ini/8d2e64c4867823c130858ee2c8057bee.php]
[ Mar 31 2011 23:22:27 ] [var/ezflow_site/cache/template/compiled/upload_images-47b31dd46497c9434549cbc7e62538c0.php]
[ Mar 31 2011 23:22:41 ] [var/cache/ini/6530defd0c2330c5d8fc5d1a261cb66f.php]
[ Mar 31 2011 23:22:41 ] [var/cache/ini/f37f6c859035c86fa84288addfbe6b25.php]
[ Mar 31 2011 23:22:42 ] [var/ezflow_site/cache/trans/g-urlalias-1350215278-utf-8.ctt.php]
[ Mar 31 2011 23:22:42 ] [var/ezflow_site/storage/images-versioned/26961/1-eng-US/New1.jpg]
[ Mar 31 2011 23:22:42 ] [var/ezflow_site/cache/trans/g-lowercase-635518252-utf-8.ctt.php]
[ Mar 31 2011 23:22:43 ] [var/ezflow_site/cache/trans/g-urlalias_compat-289587731-utf-8.ctt.php]
[ Mar 31 2011 23:22:44 ] [var/cache/ini/d1320cf9f47c04c2c29be6e3e23cb869.php]
[ Mar 31 2011 23:22:44 ] [var/ezflow_site/cache/trans/g-search-1924056142-utf-8.ctt.php]
[ Mar 31 2011 23:22:44 ] [var/cache/ini/af9c323530bdf35c77280859e8ae0928.php]
[ Mar 31 2011 23:22:46 ] [var/ezflow_site/cache/template/compiled/tag_embed_images-f328d586d963ea7f473eb45b0108d183.php]
[ Mar 31 2011 23:22:46 ] [var/ezflow_site/cache/template/compiled/checkbox-69100bec942e4c7f38b2b3c4582eec6a.php]
[ Mar 31 2011 23:22:46 ] [var/ezflow_site/cache/template/compiled/int-d70c87d2af5a9433fbdff15227981f20.php]
[ Mar 31 2011 23:24:58 ] [var/ezflow_site/cache/template/compiled/ezimage-0520a9a69168c3ab6dacaa495be1441f.php]
[ Mar 31 2011 23:25:02 ] [var/ezflow_site/cache/template/compiled/plain-3aa43766fcf5f681b17d169984c6db6e.php]
[ Mar 31 2011 23:26:55 ] [var/ezflow_site/storage/images-versioned/26965/1-eng-US/New1.jpg]
[ Mar 31 2011 23:28:28 ] [var/cache/ini/d2080a8ba52854c6ffbd10790050004b.php]
[ Mar 31 2011 23:30:02 ] [var/ezflow_site/cache/template/compiled/header-8e77f2a84e853519783cd2c8730ad92e.php]
[ Mar 31 2011 23:30:02 ] [var/ezflow_site/cache/template/compiled/paragraph-7b6dbdb3ae36468cee77744073a4583c.php]
[ Mar 31 2011 23:30:02 ] [var/ezflow_site/cache/template/compiled/embed-8d1c82100c8703eae88bb0d158499d45.php]
[ Mar 31 2011 23:30:03 ] [var/ezflow_site/cache/template/compiled/image-e8cb0c18816e87a386155e61895cf4ed.php]
[ Mar 31 2011 23:30:03 ] [var/ezflow_site/cache/template/compiled/ezimage-dbfaa4e49ce20ab23ebfa2a1579c749c.php]
[ Mar 31 2011 23:30:03 ] [var/ezflow_site/cache/template/compiled/strong-09b0d4242806e4b3b77fd60bc04318cc.php]
[ Mar 31 2011 23:30:03 ] [var/ezflow_site/cache/template/compiled/link-24ab347c44847e04662c88c624e9f905.php]
[ Mar 31 2011 23:31:20 ] [var/ezflow_site/cache/template/compiled/header-f314f4a0facdd7c3c8c31411bcebec51.php]
[ Mar 31 2011 23:31:20 ] [var/ezflow_site/cache/template/compiled/embed-09b0482432e69b48c071d7fb27cba874.php]
[ Mar 31 2011 23:31:20 ] [var/ezflow_site/cache/template/compiled/embed_image-eda05aa40ee1bac705f1363e1c1bea43.php]
[ Mar 31 2011 23:31:20 ] [var/ezflow_site/cache/template/compiled/strong-b5c1e4e9dc5d5ce808293655d4487602.php]
[ Mar 31 2011 23:31:20 ] [var/ezflow_site/cache/template/compiled/link-8187e514c6a73287a4ff10c30c3f3c85.php]
[ Mar 31 2011 23:31:20 ] [var/ezflow_site/cache/template/compiled/ezdatetime-6ddba13af807a5847c7a1c54e3e90373.php]
[ Mar 31 2011 23:31:20 ] [var/ezflow_site/cache/template/compiled/ezboolean-ba5e0f95d44448f9d429ad18f8406924.php]
[ Mar 31 2011 23:31:20 ] [var/ezflow_site/cache/template/compiled/ezselection-7e6dfe322695912da66f4ec91de0bed0.php]
[ Mar 31 2011 23:31:20 ] [var/ezflow_site/cache/template/compiled/ezcomcomments-a6717f5025de64f4d4303962348bcaef.php]
[ Mar 31 2011 23:31:21 ] [var/ezflow_site/cache/template/compiled/add_comment-d4176803195f4cd5c8ea33cb9c91e486.php]
[ Mar 31 2011 23:40:02 ] [var/ezflow_site/cache/template/compiled/li-38be5a0d9b3eb6e609704adfe9494743.php]
[ Mar 31 2011 23:40:02 ] [var/ezflow_site/cache/template/compiled/ul-754af654d28a7b0509a5425d3863b892.php]
[ Apr 01 2011 00:10:06 ] [var/ezflow_site/cache/template/compiled/keyword-77b49e83b5d4b66e06184c990a21e9b3.php]
[ Apr 01 2011 01:09:33 ] [var/ezflow_site/cache/template/compiled/anchor-b88477315560fef72ba6ba19a578f549.php]
[ Apr 01 2011 01:38:09 ] [var/ezflow_site/cache/template/compiled/20-57a9c5f2e806417bc475aff024024a59.php]
[ Apr 01 2011 01:53:34 ] [var/ezflow_site/cache/template/compiled/sup-7e8b63cec579ade2efea6b4bb38661c6.php]
[ Apr 01 2011 01:53:35 ] [var/ezflow_site/cache/template/compiled/ul-a397f02b36c1a954ede4f4794a959d45.php]
[ Apr 01 2011 02:24:45 ] [var/ezflow_site/cache/template/compiled/ol-8babf5292eabd091026e1da0d30b8072.php]
[ Apr 01 2011 03:44:33 ] [var/ezflow_site/cache/template/compiled/article-920de573028f5a3ea4e94f7d930cd325.php]
[ Apr 01 2011 03:56:16 ] [var/ezflow_site/cache/template/compiled/ul-4242de9679fc778e82bb7925344f58d4.php]
[ Apr 01 2011 03:56:17 ] [var/ezflow_site/cache/template/compiled/td-b85675d91a64ad668018ce55bbe01593.php]
[ Apr 01 2011 03:56:17 ] [var/ezflow_site/cache/template/compiled/tr-b86080f66681679dad5c459d8aa072b7.php]
[ Apr 01 2011 03:56:17 ] [var/ezflow_site/cache/template/compiled/table-deda4c81c8322d0ad144b9b900826562.php]
[ Apr 01 2011 04:08:04 ] [var/ezflow_site/cache/template/compiled/keyword-c47e87ae6eb77a9a0a0217153849951b.php]
[ Apr 01 2011 04:12:07 ] [var/ezflow_site/cache/template/compiled/header-6425d4b0736e225ec629aba997e5fd54.php]
[ Apr 01 2011 04:24:53 ] [var/ezflow_site/cache/template/compiled/article-a1d9d8f2b8b065fb28cf14abdffeeb64.php]
[ Apr 01 2011 04:27:44 ] [var/ezflow_site/cache/template/compiled/blog_post-18adf65a475aca5fd973fa91577fcdc2.php]
[ Apr 01 2011 04:50:19 ] [var/ezflow_site/cache/template/compiled/folder-927911e90ff3b09e75b6f9cb5cb193d2.php]
[ Apr 01 2011 05:03:21 ] [var/ezflow_site/cache/template/compiled/td-323fb2d8c25247c73253e637fbc4149b.php]
[ Apr 01 2011 05:03:21 ] [var/ezflow_site/cache/template/compiled/tr-b07b0cd7e157f40b84eb1c110f8096d1.php]
[ Apr 01 2011 05:03:21 ] [var/ezflow_site/cache/template/compiled/table-ce999d5f75a3306faa9398d07d3d9a0e.php]
[ Apr 01 2011 05:08:28 ] [var/ezflow_site/cache/template/compiled/anchor-6cd95fac6c65d3ee87b34bce93c12bf8.php]
[ Apr 01 2011 05:18:13 ] [var/cache/ini/983354007f9815f62552066829a75e34.php]
[ Apr 01 2011 05:18:13 ] [var/ezflow_site/cache/template/compiled/20-426c6cdb41c6283f9d223e5d3694802e.php]
[ Apr 01 2011 05:18:49 ] [var/ezflow_site/cache/template/compiled/underline-09db02e19a1731d48d95638f6bd013c5.php]
[ Apr 01 2011 05:36:51 ] [var/ezflow_site/cache/template/compiled/link-dc1d030b1b96425893d30c1f79f89c8c.php]
[ Apr 01 2011 07:43:28 ] [var/ezflow_site/cache/template/compiled/login-273080b8fc3ed88a9f680303a87979e7.php]
[ Apr 01 2011 07:43:28 ] [var/ezflow_site/cache/template/compiled/loginpagelayout-602bb08ff6f0bc0e640f948f8166682d.php]
[ Apr 01 2011 07:43:29 ] [var/ezflow_site/cache/template/compiled/page_head-6971965f7bb671760c52065fb2753af7.php]
[ Apr 01 2011 07:43:29 ] [var/ezflow_site/cache/template/compiled/link-9cd95c3aa9d5624c41e35aca46f6ad24.php]
[ Apr 01 2011 07:43:29 ] [var/ezflow_site/cache/template/compiled/page_mainarea-2936fb387c8911c56b23594f3aaea2fc.php]
[ Apr 01 2011 07:43:29 ] [var/ezflow_site/cache/template/compiled/page_warning-5ab3e6e4c9a25b10ecf3c46dcc6b54be.php]
[ Apr 01 2011 07:43:29 ] [var/ezflow_site/cache/template/compiled/page_copyright-59f469ed8e6001ed158f25346a9136e4.php]
[ Apr 01 2011 07:43:32 ] [var/cache/ini/0809a34d3b191acbd92e8847e5ec08df.php]
[ Apr 01 2011 08:59:18 ] [var/ezflow_site/cache/template/compiled/keyword-496e95378ae5fb040f2746f858dd633b.php]
[ Apr 01 2011 09:26:34 ] [var/ezflow_site/cache/template/compiled/notification_activation_subject-40e1bfcf2b00a63e53dad7aed72a8f3b.php]
[ Apr 01 2011 09:26:34 ] [var/ezflow_site/cache/template/compiled/notification_activation_body-91ac9937747dea0386665b466b166862.php]
[ Apr 01 2011 09:28:14 ] [var/ezflow_site/cache/template/compiled/anchor-707c0f91abbd3ab252cd5714063232be.php]
[ Apr 01 2011 09:28:14 ] [var/ezflow_site/cache/template/compiled/header-556bf1a6ea5728ea6e06623472e1026f.php]
[ Apr 01 2011 09:31:18 ] [var/ezflow_site/cache/template/compiled/activate-ed49d5e0a1a19a3255d2b11a33652beb.php]
[ Apr 01 2011 09:39:01 ] [var/ezflow_site/cache/template/compiled/login-ef833d48a05edd82eb0bd1e239bf58b7.php]
[ Apr 01 2011 09:39:07 ] [var/cache/ini/268d66450e0bd81ca30ec228f8c274c0.php]
[ Apr 01 2011 09:39:40 ] [var/ezflow_site/cache/template/compiled/page_toolbar-a2a9b80784f0434f765483cbf206ee85.php]
[ Apr 01 2011 09:39:40 ] [var/cache/ini/4012faa8aac0c5593b27c8847d255799.php]
[ Apr 01 2011 09:39:40 ] [var/ezflow_site/cache/template/compiled/website_toolbar-f20bf59ff1ccfa523b69df14db4cb902.php]
[ Apr 01 2011 09:39:40 ] [var/ezflow_site/cache/template/compiled/logo-7d00247d7a7fd2334026d15146003395.php]
[ Apr 01 2011 09:39:40 ] [var/ezflow_site/cache/template/compiled/object_states-c1cb87ba147947cfec7810f166d4059b.php]
[ Apr 01 2011 09:39:41 ] [var/ezflow_site/cache/template/compiled/link-1d67dcbaf466717a2fb2e94f91e74abd.php]
[ Apr 01 2011 09:39:41 ] [var/cache/ini/4e7217e9d0ca547d402bbf5a7b1b93fd.php]
[ Apr 01 2011 09:39:41 ] [var/ezflow_site/cache/template/compiled/timeline-c30d8a83dc6b5d9606f3b354c46b2c81.php]
[ Apr 01 2011 09:39:41 ] [var/ezflow_site/cache/template/compiled/push-082b1ac21b3ee08f84415d69dddf0dc5.php]
[ Apr 01 2011 09:39:41 ] [var/ezflow_site/cache/template/compiled/help-dbecadf1d5bb116a87540d702256f8d1.php]
[ Apr 01 2011 09:39:56 ] [var/ezflow_site/cache/template/compiled/delete-566c842039d9be8fda52d46d0f462548.php]
[ Apr 01 2011 09:49:27 ] [var/ezflow_site/cache/template/compiled/anchor-47578f4d6627181e62e5e3b5e7a3a721.php]
[ Apr 01 2011 10:05:57 ] [var/ezflow_site/cache/template/compiled/newfollower-398983cd1f46040ba76e3dc111688579.php]
[ Apr 01 2011 13:24:37 ] [var/ezflow_site/cache/template/compiled/line-98d2bfe3fecaefe50f3ba6de1f68e4db.php]
[ Apr 01 2011 13:24:37 ] [var/ezflow_site/cache/template/compiled/ezurl-95c8dc60bcf7922cafad4f3273d1bc4d.php]
[ Apr 01 2011 13:24:37 ] [var/ezflow_site/cache/template/compiled/no_children-0d6d86cdc11b1ff52d1b6b932c0eab33.php]
[ Apr 01 2011 13:24:41 ] [var/ezflow_site/cache/template/compiled/ezimage-cfc87e89c08d5e390a5bc3940babe586.php]
[ Apr 01 2011 13:24:41 ] [var/ezflow_site/cache/template/compiled/ezurl-2e556b6c4b1517fa762e265753c938bf.php]
[ Apr 01 2011 13:25:19 ] [var/cache/ini/8951fc11719bdae9bdf50e47a1f4b891.php]
[ Apr 01 2011 13:25:19 ] [var/ezflow_site/cache/template/compiled/20-6f594b264b2f123109718265e59ae5d9.php]
[ Apr 01 2011 13:27:41 ] [var/ezflow_site/cache/template/compiled/about-5feb46448a10bace119f6dc6ce41c294.php]
[ Apr 01 2011 13:30:25 ] [var/ezflow_site/storage/images-versioned/27046/1-eng-US/New1.jpg]
[ Apr 01 2011 16:20:33 ] [var/ezflow_site/storage/images-versioned/27063/1-eng-US/New1.jpg]
[ Apr 01 2011 16:30:03 ] [var/ezflow_site/cache/template/compiled/emphasize-14c2d47d29c820ced0ac0b1931de50f7.php]
[ Apr 01 2011 17:37:09 ] [var/ezflow_site/cache/template/compiled/window_controls_user-cd85aaedc06afbbcb300998f9fb7d84b.php]
[ Apr 01 2011 17:37:09 ] [var/ezflow_site/cache/template/compiled/windows_user-f967d00cb26d436be06d26a8491a87bb.php]
[ Apr 01 2011 17:37:10 ] [var/ezflow_site/cache/template/compiled/roles-d319619592d208ec5dade088e3d7c99c.php]
[ Apr 01 2011 17:37:10 ] [var/ezflow_site/cache/template/compiled/policies-c6105d9902981821e0a91410fdf3b9e6.php]
[ Apr 01 2011 17:37:10 ] [var/ezflow_site/cache/template/compiled/menu-f66ae1dbab4d33c237820af1ded4f78a.php]
[ Apr 01 2011 20:09:26 ] [var/ezflow_site/cache/template/compiled/3-6516b32e1fbb0433d4eac5464ea9a771.php]
[ Apr 02 2011 00:55:26 ] [var/ezflow_site/cache/template/compiled/keyword-2c0615c8428ffa05f3345d65e2548f04.php]
[ Apr 02 2011 02:47:09 ] [var/ezflow_site/cache/template/compiled/20-09554bb95d42303199e057c7e04ff856.php]
[ Apr 02 2011 05:54:32 ] [var/cache/ini/513e0df4a4c827240cc3cf2e6883048a.php]
[ Apr 02 2011 07:48:26 ] [var/ezflow_site/cache/template/compiled/link-b60415a9a3306386a8002a8a14c281f0.php]
[ Apr 02 2011 08:09:13 ] [var/ezflow_site/cache/template/compiled/4-d856c2322f86c3143c110221247032f5.php]
[ Apr 02 2011 08:18:07 ] [var/ezflow_site/cache/template/compiled/tagcloud-eaa3e33c564feb6bba80a2ead491ef3f.php]
[ Apr 02 2011 08:18:07 ] [var/ezflow_site/cache/template/compiled/tagcloud-402bed22102381f2e26462a9aaae8013.php]
[ Apr 02 2011 11:51:41 ] [var/ezflow_site/storage/images-versioned/27087/1-eng-US/New1.jpg]
[ Apr 02 2011 11:57:02 ] [var/ezflow_site/cache/template/compiled/li-49a18591cc422b3cbfca74e81cfb6ee2.php]
[ Apr 02 2011 11:57:02 ] [var/ezflow_site/cache/template/compiled/ol-8fbfb575e64f8aa35e7c1eaa06718428.php]
[ Apr 02 2011 12:00:03 ] [var/ezflow_site/cache/template/compiled/ol-e854f12355701163b53801e6d6c09bb0.php]
[ Apr 02 2011 12:57:35 ] [var/ezflow_site/cache/template/compiled/ezuser-d538903970c6bc13334ebcaef39b0cf3.php]
[ Apr 02 2011 12:57:35 ] [var/ezflow_site/cache/template/compiled/eztext-fac509cbe9a78b62c3114efb37c562ed.php]
[ Apr 02 2011 12:57:52 ] [var/ezflow_site/cache/template/compiled/ezuser-6b9e9f0298f45bdbabb68ca52ba9be71.php]
[ Apr 02 2011 12:57:52 ] [var/ezflow_site/cache/template/compiled/eztext-e560edfff67e6f300074a1f2a7233294.php]
[ Apr 02 2011 12:57:57 ] [var/ezflow_site/cache/template/compiled/removeobject-268d5513869b6913ef8af7f264d8bd51.php]
[ Apr 02 2011 12:58:00 ] [var/cache/ini/7c6b95b0a6becafc6dbca9b6849c7716.php]
[ Apr 03 2011 03:05:54 ] [var/ezflow_site/cache/template/compiled/register_user_not_valid-fabd3a7f5697b46ae3e0d55655521749.php]
[ Apr 03 2011 15:23:31 ] [var/ezflow_site/cache/template/compiled/security-ca403912bbcb25cfc4f492e291177312.php]
[ Apr 03 2011 15:23:31 ] [var/ezflow_site/cache/template/compiled/security_pagelayout-f264c4bbea47247e678c20790851dbf4.php]
[ Apr 04 2011 09:02:48 ] [var/ezflow_site/storage/images-versioned/27134/1-eng-US/New1.jpg]
[ Apr 04 2011 09:03:53 ] [var/ezflow_site/storage/images-versioned/27138/1-eng-US/New1.gif]
[ Apr 04 2011 09:12:49 ] [var/ezflow_site/cache/template/compiled/tag_general-f52d4edd6b1fc1e07aa547a77a3e2d3d.php]
[ Apr 04 2011 09:25:02 ] [var/ezflow_site/cache/template/compiled/underline-7d4acda642616587969f0baff6b847ef.php]
[ Apr 04 2011 09:25:02 ] [var/ezflow_site/cache/template/compiled/literal-47343d77b8821f68cd8cfddb58796c15.php]
[ Apr 04 2011 11:03:57 ] [var/ezflow_site/cache/template/compiled/search-ca755eae4c2fb1015900be40db00db7d.php]
[ Apr 04 2011 11:38:55 ] [var/ezflow_site/cache/template/compiled/advancedsearch-f8bd0232b55eefb9dfe2f549ceedd85e.php]
[ Apr 04 2011 11:46:35 ] [var/ezflow_site/cache/template/compiled/advancedsearch-63b631b6c9eeabff9c1e385774191ea8.php]
[ Apr 04 2011 11:46:35 ] [var/ezflow_site/cache/template/compiled/about-0cd837be77723cd37fd1a58efb70eecb.php]
[ Apr 04 2011 11:51:31 ] [var/ezflow_site/cache/template/compiled/link-e3191158ef5e483881014f9ef93aa85a.php]
[ Apr 19 2011 20:23:24 ] [var/cache/ini/a44bdb0da45f78a769f7b3ec404f97c5.php]
[ Apr 19 2011 20:23:24 ] [var/cache/ini/368e66b3a21d448c39ca8c0933583ef3.php]
[ Apr 19 2011 20:23:24 ] [var/cache/ini/acab0684546b52399d139e4b780b02ae.php]
[ Apr 19 2011 20:23:24 ] [var/cache/ini/21f3b6259419cfcdc3851adca6910782.php]
[ Apr 19 2011 20:23:24 ] [var/cache/ini/f5e4bc1c09aa58e9e1ce2421aef1df9d.php]
[ Apr 19 2011 20:23:25 ] [var/cache/ini/ac94a7b85504bd22ba4834c2547c8c6c.php]
[ Apr 19 2011 20:23:25 ] [var/cache/ini/9b3af8db77f2219e26151d3f447d8534.php]
[ Apr 19 2011 20:23:25 ] [var/cache/ini/0175240a5a2f9be0f483bb186e4262d9.php]
[ Apr 19 2011 20:23:25 ] [var/cache/ini/81ca6c3d26f0385935cef2e0e45c8c12.php]
[ Apr 19 2011 20:27:57 ] [var/cache/ini/a44bdb0da45f78a769f7b3ec404f97c5.php]
[ Apr 19 2011 20:27:57 ] [var/cache/ini/ac94a7b85504bd22ba4834c2547c8c6c.php]
[ Apr 19 2011 20:27:57 ] [var/cache/ini/9b3af8db77f2219e26151d3f447d8534.php]
[ Apr 19 2011 20:27:57 ] [var/cache/ini/c00d4a9ce2e1951152dd0a911838187a.php]
[ Apr 19 2011 20:27:57 ] [var/cache/ini/6a9abc1239b229a5902abe7608e9c7e4.php]
[ Apr 19 2011 20:27:58 ] [var/ezflow_site/cache/statelimitations_63bd6b94117e76cbffdde7c39cc7c8ed.php]
[ Apr 19 2011 20:27:59 ] [var/cache/ini/99b9865917d138a839137b8ee6ddc992.php]
[ Apr 19 2011 20:27:59 ] [var/cache/ini/5b04d8cebda9c59ddfe81a646c4ec9fd.php]
[ Apr 19 2011 20:27:59 ] [var/cache/ini/00f66b8555952f7e279effb5ae37bfbe.php]
[ Apr 19 2011 20:28:00 ] [var/cache/ini/8f868c6ff22dec354f112596b8a75e47.php]
[ Apr 19 2011 20:28:02 ] [var/ezflow_site/cache/override/override_5974ffb8e614bdbf361d4a9cdffbcb8e.php]
[ Apr 19 2011 20:28:02 ] [var/ezflow_site/cache/template/compiled/common.php]
[ Apr 19 2011 20:28:03 ] [var/ezflow_site/cache/template/compiled/blog-d46846c8e66d76ef5ee660e3203a0e23.php]
[ Apr 19 2011 20:28:04 ] [var/ezflow_site/cache/classattributeidentifiers_63bd6b94117e76cbffdde7c39cc7c8ed.php]
[ Apr 19 2011 20:28:04 ] [var/ezflow_site/cache/sortkey_63bd6b94117e76cbffdde7c39cc7c8ed.php]
[ Apr 19 2011 20:28:04 ] [var/ezflow_site/cache/template/compiled/blog_post-c7022f460624e9a6b69730cced45cc31.php]
[ Apr 19 2011 20:28:05 ] [var/cache/ini/60a77991816e10d3a6508ce3f21712ca.php]
[ Apr 19 2011 20:28:05 ] [var/ezflow_site/cache/template/compiled/ezxmltext-133a80dc658aff6663782f91686b90f4.php]
[ Apr 19 2011 20:28:05 ] [var/ezflow_site/cache/classidentifiers_63bd6b94117e76cbffdde7c39cc7c8ed.php]
[ Apr 19 2011 20:28:05 ] [var/ezflow_site/cache/template/compiled/embed-b84d6e30627a9afabbfb759d7faf7d83.php]
[ Apr 19 2011 20:28:05 ] [var/ezflow_site/cache/template/compiled/image-c2d9d5d1d25cdba7134686fae2e62b52.php]
[ Apr 19 2011 20:28:05 ] [var/ezflow_site/cache/template/compiled/ezimage-00556e2c3f70fc596464bb8811ce40de.php]
[ Apr 19 2011 20:28:05 ] [var/cache/ini/f1fffce5e5d23e2ec3304e7be27cbcbb.php]
[ Apr 19 2011 20:28:06 ] [var/ezflow_site/cache/template/compiled/emphasize-7b4726e4ce43ce5098483ebf6af8c96b.php]
[ Apr 19 2011 20:28:06 ] [var/ezflow_site/cache/template/compiled/paragraph-b6a5ac70b30af74f04bf0ff4ed63219b.php]
[ Apr 19 2011 20:28:06 ] [var/ezflow_site/cache/template/compiled/strong-daa3931b4d99e38a7a921bc935c2ddcb.php]
[ Apr 19 2011 20:28:06 ] [var/ezflow_site/cache/template/compiled/link-ec9bdd470a32f40f698ad4d057f4d59e.php]
[ Apr 19 2011 20:28:06 ] [var/ezflow_site/cache/template/compiled/header-c150837b0f891381297fa1493453bc5c.php]
[ Apr 19 2011 20:28:06 ] [var/ezflow_site/cache/template/compiled/related_content-8f24e8ad3284447eca4f8f2bba3cc6dc.php]
[ Apr 19 2011 20:28:06 ] [var/ezflow_site/cache/template/compiled/display_related_content-d3449b46ca2e85e63c862c434e5d55a9.php]
[ Apr 19 2011 20:28:06 ] [var/cache/ini/07bfed0e376bd2f442aaf783f2fe2136.php]
[ Apr 19 2011 20:28:07 ] [var/ezflow_site/cache/template/compiled/ezcomcomments-44d4c5f7521d74d56aeb816c0afce290.php]
[ Apr 19 2011 20:28:07 ] [var/cache/ini/67b82b2a278c12b399f3bb09f5b1220a.php]
[ Apr 19 2011 20:28:07 ] [var/ezflow_site/cache/template/compiled/add_comment-e505c4cdcf863e27b72181c44b8335ea.php]
[ Apr 19 2011 20:28:07 ] [var/cache/ini/f316414e2cd59ea03c3ea0088a3e04da.php]
[ Apr 19 2011 20:28:07 ] [var/ezflow_site/cache/template/compiled/layer-939e2c3d7442623eb52795d9ee46dd7e.php]
[ Apr 19 2011 20:28:08 ] [var/ezflow_site/cache/template/compiled/comment_item-ee7affedeff375f35eb531813c442192.php]
[ Apr 19 2011 20:28:09 ] [var/ezflow_site/cache/template/compiled/google-6a7b65f81b946bef308777876ef615e3.php]
[ Apr 19 2011 20:28:09 ] [var/ezflow_site/cache/template/compiled/extra_info-ae130f33a65c7dc4a0137c10d43dea44.php]
[ Apr 19 2011 20:28:09 ] [var/ezflow_site/cache/template/compiled/infobox-b6ad5d01bb56fb0f19eed3d388c12680.php]
[ Apr 19 2011 20:28:09 ] [var/ezflow_site/cache/template/compiled/literal-995f59b29384a2806eac31665e3642db.php]
[ Apr 19 2011 20:28:09 ] [var/ezflow_site/cache/template/compiled/ezurl-483167b317e4171cc09559aad0001d03.php]
[ Apr 19 2011 20:28:09 ] [var/ezflow_site/cache/template/compiled/line-7057e68fc6bdd0c898290a5cf4ef8533.php]
[ Apr 19 2011 20:28:10 ] [var/ezflow_site/cache/template/compiled/calendar-5d7123b42b84b09440f0a3bc5270137b.php]
[ Apr 19 2011 20:28:11 ] [var/cache/ini/f43d64641d91b5b44399d58d6902967c.php]
[ Apr 19 2011 20:28:11 ] [var/ezflow_site/cache/template/compiled/pagelayout-8239718985f7f709e50647fb2b560e50.php]
[ Apr 19 2011 20:28:11 ] [var/cache/ini/ee640fa21b76664373ac5845c86063f4.php]
[ Apr 19 2011 20:28:11 ] [var/ezflow_site/cache/template/compiled/page_head-ddb50de24af33c6c519992997800d449.php]
[ Apr 19 2011 20:28:12 ] [var/ezflow_site/cache/template/compiled/link-f4988c58b266bb26fc509adf61aa6911.php]
[ Apr 19 2011 20:28:12 ] [var/cache/ini/8b2e794e0ffdf2ac0f858e4af4e793ba.php]
[ Apr 19 2011 20:28:12 ] [var/ezflow_site/cache/template/compiled/page_head_script-33ee2434e83453d33182975b5f68ef42.php]
[ Apr 19 2011 20:28:12 ] [var/ezflow_site/cache/template/compiled/page_topmenu-dded919874d18a517a40d6d99bcb127b.php]
[ Apr 19 2011 20:28:13 ] [var/ezflow_site/cache/template/compiled/double_top-854ac7a54d9e2d949b605d159b3ea7c7.php]
[ Apr 19 2011 20:28:13 ] [var/ezflow_site/cache/template/compiled/page_header_searchbox-866c47dcf5fb6699c422033ef9ed92ab.php]
[ Apr 19 2011 20:28:13 ] [var/ezflow_site/cache/template/compiled/page_header-8934efcca5fe636028a610bf390a34fc.php]
[ Apr 19 2011 20:28:13 ] [var/ezflow_site/cache/template/compiled/page_toppath-d0bca03009d055e124d16437cbdf27cb.php]
[ Apr 19 2011 20:28:13 ] [var/ezflow_site/cache/template/compiled/path-66d9395bd46165c03efe019864aaed7e.php]
[ Apr 19 2011 20:28:13 ] [var/ezflow_site/cache/template/compiled/page_mainarea-3b1649b44ed5286f12e3bb0dc0e20560.php]
[ Apr 19 2011 20:28:13 ] [var/ezflow_site/cache/template/compiled/page_footer-a99ff532787eee97f6e176879305c923.php]
[ Apr 19 2011 20:28:13 ] [var/ezflow_site/cache/template/compiled/page_footer_script-4bd7d62fcecd909c6f4df9260a5e8b75.php]
