[ Jan 01 2010 20:58:06 ] [var/cache/ini/a44bdb0da45f78a769f7b3ec404f97c5.php]
[ Jan 01 2010 20:58:06 ] [var/cache/ini/368e66b3a21d448c39ca8c0933583ef3.php]
[ Jan 01 2010 20:58:06 ] [var/cache/ini/acab0684546b52399d139e4b780b02ae.php]
[ Jan 01 2010 20:58:06 ] [var/cache/ini/21f3b6259419cfcdc3851adca6910782.php]
[ Jan 01 2010 20:58:06 ] [var/cache/ini/f5e4bc1c09aa58e9e1ce2421aef1df9d.php]
[ Jan 01 2010 20:58:06 ] [var/cache/ini/9c75deb33bfe4c733a4d17628792658f.php]
[ Jan 01 2010 20:58:06 ] [var/cache/ini/54eacae9d76d063e6b7dae18de24aa7a.php]
[ Jan 01 2010 20:58:06 ] [var/cache/ini/ac9c9d35d1ff33167416db1ef4f398c2.php]
[ Jan 01 2010 20:58:06 ] [var/cache/ini/75b81b1d9c4ec8f04d821fe4b23e4c7f.php]
[ Jan 01 2010 20:58:06 ] [var/cache/ini/06e340c2f229c528c731624c129ad843.php]
[ Jan 01 2010 20:58:06 ] [var/cache/ini/dc64acf6565c8f817393a6afd2ce62f1.php]
[ Jan 01 2010 20:58:06 ] [var/cache/ini/1ffb1cc7420cc3af1145bb66483cda7a.php]
[ Jan 01 2010 20:58:06 ] [var/cache/ini/bc03bbe4ab47d849bd3e85386acc2d79.php]
[ Jan 01 2010 20:58:06 ] [var/cache/ini/aa001e3d1aa57395fd9509b435c58412.php]
[ Jan 01 2010 20:58:06 ] [var/cache/ini/b47fa04342bc56dd106e47e5a128495c.php]
[ Jan 01 2010 20:58:06 ] [var/cache/ini/e0b0242704aa9957565f485331537eb9.php]
[ Jan 01 2010 20:58:06 ] [var/cache/ini/a1ff802ade30f4eaa3ff36b1265e06f4.php]
[ Jan 01 2010 20:58:06 ] [var/cache/ini/e2c7cfface4a0526faefee32c73c0d91.php]
[ Jan 01 2010 20:58:06 ] [var/cache/ini/f9b1d5d47c17ddd585bd6105ba1b3e4a.php]
[ Jan 01 2010 20:58:06 ] [var/cache/ini/5589964fa0b253436c01f635da40cf26.php]
[ Jan 01 2010 20:58:06 ] [var/cache/ini/ee277a4c4454f40199340f8be062095c.php]
[ Jan 01 2010 20:58:06 ] [var/cache/ini/cd041ff28e09c252eb4acd8ee7b3e817.php]
[ Jan 01 2010 20:58:06 ] [var/cache/ini/9a02aeb0b3ecf793354ffaa2adf1fc1c.php]
[ Jan 01 2010 20:58:06 ] [var/cache/ini/b75e19ec3956f17dcc66a1a763315773.php]
[ Jan 01 2010 20:58:06 ] [var/cache/ini/0505fef9cd47bf8a6538430598d979d9.php]
[ Jan 01 2010 20:58:06 ] [var/cache/ini/e0e66bde8687d4012d1c60bc581aa4d4.php]
[ Jan 01 2010 20:58:06 ] [var/cache/ini/8888da6a1bcccf15c43b955398da7969.php]
[ Jan 01 2010 20:58:06 ] [var/cache/ini/3700a3f52de240dd8f05f393c35c10ed.php]
[ Jan 01 2010 20:58:06 ] [var/cache/ini/2bcf92048d060afcccebb6ce52908f9f.php]
[ Jan 01 2010 20:58:06 ] [var/cache/ini/da49fc18676c4c744d3848394a1a7c5a.php]
[ Jan 01 2010 20:58:06 ] [var/cache/ini/e62ca0efbc2401597bdbf103ea4c4b74.php]
[ Jan 01 2010 20:58:06 ] [var/cache/ini/a3561667559c8aa9295ec46230b76c02.php]
[ Jan 01 2010 20:58:06 ] [var/cache/ini/cd52433fc7a5d03d37cc68305535aa07.php]
[ Jan 01 2010 20:58:06 ] [var/cache/ini/0539430bbbf70c319c50e2709d9fd251.php]
[ Jan 01 2010 20:58:06 ] [var/cache/ini/5114f44652013b7fbed60862b2f07832.php]
[ Jan 01 2010 20:58:06 ] [var/cache/ini/74bacaedbbdc5aa0247700e712365a55.php]
[ Jan 01 2010 20:58:06 ] [var/cache/ini/96109792cc00cc59f80bab17ea24f879.php]
[ Jan 01 2010 20:58:06 ] [var/cache/ini/3460d7b3724b5623edec4e9910a582af.php]
[ Jan 01 2010 20:58:06 ] [var/cache/ini/b14d1ad9d1d9bdd88277c2aaf6ff8cf9.php]
[ Jan 01 2010 20:58:06 ] [var/cache/ini/dfedb8f6d12431b389fdbe8c1e263958.php]
[ Jan 01 2010 20:58:06 ] [var/cache/ini/43709d00773dfabfed95e3fbbac53eef.php]
[ Jan 01 2010 20:58:06 ] [var/cache/ini/5f4cc5f7de67d56b89b125561b50cc22.php]
[ Jan 01 2010 20:58:06 ] [var/cache/ini/21a6c68f20aa7cc719e15135c9270bed.php]
[ Jan 01 2010 20:58:06 ] [var/cache/ini/9277ed54cc53699f81fb5e08815db079.php]
[ Jan 01 2010 20:58:06 ] [var/cache/ini/7fdb5c765de308bbb21da5d0a1cb78f5.php]
[ Jan 01 2010 20:58:06 ] [var/cache/ini/f5545e17ca18a739970819ee0ff14f03.php]
[ Jan 01 2010 20:58:06 ] [var/cache/ini/dab38affd861c9017d32a92aca82f948.php]
[ Jan 01 2010 20:58:06 ] [var/cache/ini/05b4bb7dc205a1aa7b5863ce6e635c9d.php]
[ Jan 01 2010 20:58:06 ] [var/cache/ini/07d574b7203c1924554a57f371e0d0e5.php]
[ Jan 01 2010 20:58:06 ] [var/cache/ini/e043901fdacf5aa033418912a1f8498d.php]
[ Jan 01 2010 20:58:06 ] [var/cache/ini/ee76e781e62676ae9a5a7c025708f0ba.php]
[ Jan 01 2010 20:58:06 ] [var/cache/ini/db90f7993d3c5a14e47a0cfc976f2049.php]
[ Jan 01 2010 20:58:06 ] [var/cache/ini/6de72fefe32f41a32178ec49d72ed1be.php]
[ Jan 01 2010 20:58:06 ] [var/cache/ini/230e242933c035e39287883d9dbd2c5a.php]
[ Jan 01 2010 20:58:06 ] [var/cache/ini/5306182a413ecaf570c7c0047c20d3bd.php]
[ Jan 01 2010 20:58:06 ] [var/cache/ini/fc852716f5b6b17243004c610734b84d.php]
[ Jan 01 2010 20:58:06 ] [var/cache/override/override_8e90b0d63025faec1ef0ecd38da41be2.php]
[ Jan 01 2010 20:58:06 ] [var/cache/ini/0607c81135619cfff8b17e56c524aff5.php]
[ Jan 01 2010 21:00:11 ] [var/cache/ini/2d6db2052ebd301df273019dba7a2b1c.php]
[ Jan 01 2010 21:00:11 ] [var/cache/ini/63b831adab8f251edfd9ad493d5af1e7.php]
[ Jan 01 2010 21:00:21 ] [var/cache/ini/368e66b3a21d448c39ca8c0933583ef3.php]
[ Jan 01 2010 21:00:21 ] [var/cache/ini/21f3b6259419cfcdc3851adca6910782.php]
[ Jan 01 2010 21:00:22 ] [var/cache/ini/d91c3432e3e6a33ff4e5150270416f96.php]
[ Jan 01 2010 21:00:22 ] [var/cache/codepages/36e48c5d322c489dd3ee4e51ffda1494.php]
[ Jan 01 2010 21:00:22 ] [var/cache/trans/g-urlalias-1350215278-utf-8.ctt.php]
[ Jan 01 2010 21:00:23 ] [var/cache/trans/g-identifier-2147483647-utf-8.ctt.php]
[ Jan 01 2010 21:00:23 ] [var/storage/packages/eZ-systems/ezflow_site/.cache/package.php]
[ Jan 01 2010 21:00:25 ] [var/storage/packages/eZ-systems/ezwt_extension/.cache/package.php]
[ Jan 01 2010 21:00:26 ] [var/storage/packages/eZ-systems/ezstarrating_extension/.cache/package.php]
[ Jan 01 2010 21:00:27 ] [var/storage/packages/eZ-systems/ezgmaplocation_extension/.cache/package.php]
[ Jan 01 2010 21:00:37 ] [var/storage/packages/eZ-systems/ezjscore_extension/.cache/package.php]
[ Jan 01 2010 21:00:41 ] [var/storage/packages/eZ-systems/ezwebin_extension/.cache/package.php]
[ Jan 01 2010 21:00:44 ] [var/storage/packages/eZ-systems/ezflow_extension/.cache/package.php]
[ Jan 01 2010 21:00:45 ] [var/storage/packages/eZ-systems/ezflow_classes/.cache/package.php]
[ Jan 01 2010 21:00:59 ] [var/storage/packages/eZ-systems/ezflow_democontent/.cache/package.php]
[ Jan 01 2010 21:01:00 ] [var/storage/packages/eZ-systems/ezflow_design/.cache/package.php]
[ Jan 01 2010 21:02:35 ] [var/cache/ini/10fd3f3717f2a4917bf23e70e324652e.php]
[ Jan 01 2010 21:02:43 ] [var/cache/ini/716d08dea7452fa5fd9bf6c2adf514cc.php]
[ Jan 01 2010 21:02:44 ] [var/cache/ini/521ecb6639af2b61f2328ce6f276ce45.php]
[ Jan 01 2010 21:02:45 ] [var/cache/ini/a159ba1faf36e3ccab28b8fabca92c8a.php]
